<?xml version="1.0" encoding="UTF-8"?>
<!-- Generated by org.testng.reporters.JUnitReportReporter -->
<testsuite hostname="desktop-pc" failures="0" tests="4" name="test.UserTest" time="53.984" errors="0" timestamp="2025-09-05T03:22:23 PDT" skipped="0">
  <testcase classname="test.UserTest" name="CreateAccount" time="25.356"/>
  <testcase classname="test.UserTest" name="loginpage" time="6.470"/>
  <testcase classname="test.UserTest" name="AddtoProduct" time="10.112"/>
  <testcase classname="test.UserTest" name="CheckOut" time="12.046"/>
</testsuite> <!-- test.UserTest -->
