<?xml version="1.0" encoding="UTF-8"?>
<!-- Generated by org.testng.reporters.JUnitReportReporter -->
<testsuite hostname="desktop-pc" failures="0" tests="4" name="test.UserTest" time="54.983" errors="0" timestamp="2025-09-04T10:25:32 PDT" skipped="0">
  <testcase classname="test.UserTest" name="CreateAccount" time="24.602"/>
  <testcase classname="test.UserTest" name="loginpage" time="7.123"/>
  <testcase classname="test.UserTest" name="AddtoProduct" time="10.690"/>
  <testcase classname="test.UserTest" name="CheckOut" time="12.568"/>
</testsuite> <!-- test.UserTest -->
